Arguments: 
  /data/data/com.termux/files/usr/bin/node /data/data/com.termux/files/usr/share/yarn/bin/yarn.js

PATH: 
  /data/data/com.termux/files/usr/bin

Yarn version: 
  1.22.19

Node version: 
  18.4.0

Platform: 
  android arm64

Trace: 
  Error: EACCES: permission denied, symlink '../../../../pino/bin.js' -> '/storage/emulated/0/botstre/node_modules/@adiwajshing/baileys/node_modules/.bin/pino'

npm manifest: 
  {
    "name": "BABYBOT-MD",
    "version": "1.0.0",
    "description": "support me on youtube RAMLAN ID",
    "main": "main.js",
    "scripts": {
      "start": "node main.js"
    },
    "repository": {
      "type": "git",
      "url": "https://github.com/Ramlan404"
    },
    "author": "Ramlan ID",
    "license": "ISC",
    "dependencies": {
      "@adiwajshing/baileys": "^4.3.0",
      "@vitalets/google-translate-api": "^7.0.0",
      "axios": "^0.24.0",
      "chalk": "^4.1.2",
      "figlet": "^1.5.2",
      "fluent-ffmpeg": "^2.1.2",
      "form-data": "^4.0.0",
      "fs": "^0.0.1-security",
      "jimp": "^0.16.1",
      "moment": "^2.29.1",
      "moment-timezone": "^0.5.34",
      "node-fetch": "^3.2.5",
      "qrcode-terminal": "^0.12.0"
    }
  }

yarn manifest: 
  No manifest

Lockfile: 
  No lockfile
